<?xml version="1.0" encoding="UTF-8"?>
<!-- Generated by org.testng.reporters.JUnitReportReporter -->
<testsuite hostname="linux-p1a9.site" name="org.seleniummonster.com.Google" tests="1" failures="0" timestamp="26 Apr 2014 20:32:18 GMT" time="25.087" errors="0">
  <testcase name="search" time="25.087" classname="org.seleniummonster.com.Google"/>
</testsuite> <!-- org.seleniummonster.com.Google -->
